<?xml version="1.0" encoding="UTF-8"?>
<!-- Generated by org.testng.reporters.JUnitXMLReporter -->
<testsuite ignored="0" hostname="INadmins-MacBook-Pro-3.local" failures="1" tests="1" name="Login and Search" time="2.209" errors="0" timestamp="10 Dec 2019 11:08:02 GMT">
  <testcase classname="tests.LoginTest" name="Login" time="0.444">
    <failure type="java.lang.NullPointerException">
      <![CDATA[java.lang.NullPointerException
at pages.LoginPage.enterValue(LoginPage.java:30)
at pages.LoginPage.HomePage(LoginPage.java:34)
at tests.LoginTest.Login(LoginTest.java:38)
... Removed 34 stack frames]]>
    </failure>
  </testcase> <!-- Login -->
</testsuite> <!-- Login and Search -->
